
Table 'table' created in database 'test' successfully Mon Sep 17 2018 00:12:25 GMT-0400 (Eastern Daylight Time)
Column 'hi' created in table 'table' successfully Mon Sep 17 2018 00:12:25 GMT-0400 (Eastern Daylight Time)
Data value(s) 'true' inserted into column 'hi' successfully Mon Sep 17 2018 00:12:25 GMT-0400 (Eastern Daylight Time)
Data value(s) '[object Object]' inserted into column 'hi' successfully Mon Sep 17 2018 00:12:25 GMT-0400 (Eastern Daylight Time)
Data value(s) '[object Object]' inserted into column 'hi' successfully Mon Sep 17 2018 00:12:25 GMT-0400 (Eastern Daylight Time)
Data value(s) '[object Object]' inserted into column 'hi' successfully Mon Sep 17 2018 00:12:25 GMT-0400 (Eastern Daylight Time)
Data value(s) '[object Object]' inserted into column 'hi' successfully Mon Sep 17 2018 00:12:25 GMT-0400 (Eastern Daylight Time)
Data value(s) '[object Object]' inserted into column 'hi' successfully Mon Sep 17 2018 00:12:25 GMT-0400 (Eastern Daylight Time)
Data value(s) '[object Object]' inserted into column 'hi' successfully Mon Sep 17 2018 00:12:25 GMT-0400 (Eastern Daylight Time)
Database 'test' parsed successfully Mon Sep 17 2018 00:12:25 GMT-0400 (Eastern Daylight Time)
Data value(s) '[object Object]' inserted into column 'hi' successfully Mon Sep 17 2018 00:12:25 GMT-0400 (Eastern Daylight Time)
Data value(s) '[object Object]' inserted into column 'hi' successfully Mon Sep 17 2018 00:12:25 GMT-0400 (Eastern Daylight Time)
Data value(s) '[object Object]' inserted into column 'hi' successfully Mon Sep 17 2018 00:12:25 GMT-0400 (Eastern Daylight Time)
Data value(s) '[object Object]' inserted into column 'hi' successfully Mon Sep 17 2018 00:12:25 GMT-0400 (Eastern Daylight Time)
Database 'test' parsed successfully Mon Sep 17 2018 19:32:33 GMT+0800 (Hong Kong Standard Time)
Database 'test' parsed successfully Mon Sep 17 2018 19:33:30 GMT+0800 (Hong Kong Standard Time)
Error finding table 'table' Mon Sep 17 2018 19:33:30 GMT+0800 (Hong Kong Standard Time)
Database 'test' parsed successfully Mon Sep 17 2018 19:34:07 GMT+0800 (Hong Kong Standard Time)
Error finding table 'table' Mon Sep 17 2018 19:34:07 GMT+0800 (Hong Kong Standard Time)
Database 'test' parsed successfully Mon Sep 17 2018 19:34:43 GMT+0800 (Hong Kong Standard Time)
Error finding table 'table' Mon Sep 17 2018 19:34:43 GMT+0800 (Hong Kong Standard Time)
Database 'test' parsed successfully Mon Sep 17 2018 19:35:09 GMT+0800 (Hong Kong Standard Time)
Error finding table 'table' Mon Sep 17 2018 19:35:09 GMT+0800 (Hong Kong Standard Time)
Database 'test' parsed successfully Mon Sep 17 2018 19:36:29 GMT+0800 (Hong Kong Standard Time)
Error finding table 'table' Mon Sep 17 2018 19:36:29 GMT+0800 (Hong Kong Standard Time)Database 'test' parsed successfullyonMon Sep 17 2018 19:45:12 GMT+0800 (Hong Kong Standard Time) 
 Error finding table 'table'onMon Sep 17 2018 19:45:12 GMT+0800 (Hong Kong Standard Time) 
 Database 'test' created successfullyonMon Sep 17 2018 19:47:18 GMT+0800 (Hong Kong Standard Time) 
 Database 'test' created successfullyonMon Sep 17 2018 19:48:28 GMT+0800 (Hong Kong Standard Time) 
 Database 'test' created successfullyonMon Sep 17 2018 19:48:54 GMT+0800 (Hong Kong Standard Time) 
 Database 'test' created successfullyonMon Sep 17 2018 19:49:05 GMT+0800 (Hong Kong Standard Time) 
 Database 'test' created successfullyonMon Sep 17 2018 19:49:07 GMT+0800 (Hong Kong Standard Time) 
 Database 'test' created successfullyonMon Sep 17 2018 19:49:13 GMT+0800 (Hong Kong Standard Time) 
 Database 'test' created successfullyonMon Sep 17 2018 19:49:45 GMT+0800 (Hong Kong Standard Time) 
 Table 'hi' created in database 'test' successfullyonMon Sep 17 2018 19:49:45 GMT+0800 (Hong Kong Standard Time) 
 Column 'lol' created in table 'hi' successfullyonMon Sep 17 2018 19:49:45 GMT+0800 (Hong Kong Standard Time) 
 Data '1,2,3' inserted into column 'lol' successfullyonMon Sep 17 2018 19:49:45 GMT+0800 (Hong Kong Standard Time) 
 Data '1,2,3' inserted into column 'lol' successfullyonMon Sep 17 2018 19:49:45 GMT+0800 (Hong Kong Standard Time) 
 Data '1,2,3' inserted into column 'lol' successfullyonMon Sep 17 2018 19:49:45 GMT+0800 (Hong Kong Standard Time) 
 Database 'test' created successfullyonMon Sep 17 2018 19:49:59 GMT+0800 (Hong Kong Standard Time) 
 Table 'hi' created in database 'test' successfullyonMon Sep 17 2018 19:49:59 GMT+0800 (Hong Kong Standard Time) 
 Column 'lol' created in table 'hi' successfullyonMon Sep 17 2018 19:49:59 GMT+0800 (Hong Kong Standard Time) 
 Data '1,2,3' inserted into column 'lol' successfullyonMon Sep 17 2018 19:49:59 GMT+0800 (Hong Kong Standard Time) 
 Data '1,2,3' inserted into column 'lol' successfullyonMon Sep 17 2018 19:49:59 GMT+0800 (Hong Kong Standard Time) 
 Data '1,2,3' inserted into column 'lol' successfullyonMon Sep 17 2018 19:49:59 GMT+0800 (Hong Kong Standard Time) 
 Database 'test' created successfullyonMon Sep 17 2018 19:50:34 GMT+0800 (Hong Kong Standard Time) 
 Table 'hi' created in database 'test' successfullyonMon Sep 17 2018 19:50:34 GMT+0800 (Hong Kong Standard Time) 
 Column 'lol' created in table 'hi' successfullyonMon Sep 17 2018 19:50:34 GMT+0800 (Hong Kong Standard Time) 
 Data '1,2,3' inserted into column 'lol' successfullyonMon Sep 17 2018 19:50:34 GMT+0800 (Hong Kong Standard Time) 
 Data '1,2,3' inserted into column 'lol' successfullyonMon Sep 17 2018 19:50:34 GMT+0800 (Hong Kong Standard Time) 
 Data '1,2,3' inserted into column 'lol' successfullyonMon Sep 17 2018 19:50:34 GMT+0800 (Hong Kong Standard Time) 
 Database 'test' created successfullyonMon Sep 17 2018 19:50:43 GMT+0800 (Hong Kong Standard Time) 
 Table 'hi' created in database 'test' successfullyonMon Sep 17 2018 19:50:43 GMT+0800 (Hong Kong Standard Time) 
 Column 'lol' created in table 'hi' successfullyonMon Sep 17 2018 19:50:43 GMT+0800 (Hong Kong Standard Time) 
 Data '1,2,3' inserted into column 'lol' successfullyonMon Sep 17 2018 19:50:43 GMT+0800 (Hong Kong Standard Time) 
 Data '1,2,3' inserted into column 'lol' successfullyonMon Sep 17 2018 19:50:43 GMT+0800 (Hong Kong Standard Time) 
 Data '1,2,3' inserted into column 'lol' successfullyonMon Sep 17 2018 19:50:43 GMT+0800 (Hong Kong Standard Time) 
 Column 'lol' created in table 'hi' successfullyonMon Sep 17 2018 19:50:43 GMT+0800 (Hong Kong Standard Time) 
 Data '1' inserted into column 'lol' successfullyonMon Sep 17 2018 19:50:43 GMT+0800 (Hong Kong Standard Time) 
 Data '2' inserted into column 'lol' successfullyonMon Sep 17 2018 19:50:43 GMT+0800 (Hong Kong Standard Time) 
 Table 'hi' created in database 'test' successfullyonMon Sep 17 2018 19:50:43 GMT+0800 (Hong Kong Standard Time) 
 Data '3' inserted into column 'lol' successfullyonMon Sep 17 2018 19:50:43 GMT+0800 (Hong Kong Standard Time) 
 Database 'test' parsed successfullyonMon Sep 17 2018 19:50:43 GMT+0800 (Hong Kong Standard Time) 
 Database 'test' created successfullyonMon Sep 17 2018 19:52:15 GMT+0800 (Hong Kong Standard Time) 
 Column 'lol' created in table 'hi' successfullyonMon Sep 17 2018 19:52:15 GMT+0800 (Hong Kong Standard Time) 
 Table 'hi' created in database 'test' successfullyonMon Sep 17 2018 19:52:15 GMT+0800 (Hong Kong Standard Time) 
 Data '1,2,3' inserted into column 'lol' successfullyonMon Sep 17 2018 19:52:15 GMT+0800 (Hong Kong Standard Time) 
 Data '1,2,3' inserted into column 'lol' successfullyonMon Sep 17 2018 19:52:15 GMT+0800 (Hong Kong Standard Time) 
 Data '1,2,3' inserted into column 'lol' successfullyonMon Sep 17 2018 19:52:15 GMT+0800 (Hong Kong Standard Time) 
 Table 'hi' created in database 'test' successfullyonMon Sep 17 2018 19:52:15 GMT+0800 (Hong Kong Standard Time) 
 Column 'lol' created in table 'hi' successfullyonMon Sep 17 2018 19:52:15 GMT+0800 (Hong Kong Standard Time) 
 Data '3' inserted into column 'lol' successfullyonMon Sep 17 2018 19:52:15 GMT+0800 (Hong Kong Standard Time) 
 Database 'test' parsed successfullyonMon Sep 17 2018 19:52:15 GMT+0800 (Hong Kong Standard Time) 
 Data '2' inserted into column 'lol' successfullyonMon Sep 17 2018 19:52:15 GMT+0800 (Hong Kong Standard Time) 
 Data '1' inserted into column 'lol' successfullyonMon Sep 17 2018 19:52:15 GMT+0800 (Hong Kong Standard Time) 
 Database 'test' created successfullyonMon Sep 17 2018 19:52:31 GMT+0800 (Hong Kong Standard Time) 
 Table 'hi' created in database 'test' successfullyonMon Sep 17 2018 19:52:31 GMT+0800 (Hong Kong Standard Time) 
 Data '1,2,3' inserted into column 'lol' successfullyonMon Sep 17 2018 19:52:31 GMT+0800 (Hong Kong Standard Time) 
 Column 'lol' created in table 'hi' successfullyonMon Sep 17 2018 19:52:31 GMT+0800 (Hong Kong Standard Time) 
 Data '1,2,3' inserted into column 'lol' successfullyonMon Sep 17 2018 19:52:31 GMT+0800 (Hong Kong Standard Time) 
 Data '1,2,3' inserted into column 'lol' successfullyonMon Sep 17 2018 19:52:31 GMT+0800 (Hong Kong Standard Time) 
 Table 'hi' created in database 'test' successfullyonMon Sep 17 2018 19:52:31 GMT+0800 (Hong Kong Standard Time) 
 Data '2' inserted into column 'lol' successfullyonMon Sep 17 2018 19:52:31 GMT+0800 (Hong Kong Standard Time) 
 Column 'lol' created in table 'hi' successfullyonMon Sep 17 2018 19:52:31 GMT+0800 (Hong Kong Standard Time) 
 Data '1' inserted into column 'lol' successfullyonMon Sep 17 2018 19:52:31 GMT+0800 (Hong Kong Standard Time) 
 Data '3' inserted into column 'lol' successfullyonMon Sep 17 2018 19:52:31 GMT+0800 (Hong Kong Standard Time) 
 Database 'test' parsed successfullyonMon Sep 17 2018 19:52:31 GMT+0800 (Hong Kong Standard Time) 
 Database 'test' created successfullyonMon Sep 17 2018 19:52:37 GMT+0800 (Hong Kong Standard Time) 
 Table 'hi' created in database 'test' successfullyonMon Sep 17 2018 19:52:37 GMT+0800 (Hong Kong Standard Time) 
 Data '1,2,3' inserted into column 'lol' successfullyonMon Sep 17 2018 19:52:37 GMT+0800 (Hong Kong Standard Time) 
 Data '1,2,3' inserted into column 'lol' successfullyonMon Sep 17 2018 19:52:37 GMT+0800 (Hong Kong Standard Time) 
 Column 'lol' created in table 'hi' successfullyonMon Sep 17 2018 19:52:37 GMT+0800 (Hong Kong Standard Time) 
 Data '1,2,3' inserted into column 'lol' successfullyonMon Sep 17 2018 19:52:37 GMT+0800 (Hong Kong Standard Time) 
 Table 'hi' created in database 'test' successfullyonMon Sep 17 2018 19:52:37 GMT+0800 (Hong Kong Standard Time) 
 Column 'lol' created in table 'hi' successfullyonMon Sep 17 2018 19:52:37 GMT+0800 (Hong Kong Standard Time) 
 Data '2' inserted into column 'lol' successfullyonMon Sep 17 2018 19:52:37 GMT+0800 (Hong Kong Standard Time) 
 Database 'test' parsed successfullyonMon Sep 17 2018 19:52:37 GMT+0800 (Hong Kong Standard Time) 
 Data '3' inserted into column 'lol' successfullyonMon Sep 17 2018 19:52:37 GMT+0800 (Hong Kong Standard Time) 
 Data '1' inserted into column 'lol' successfullyonMon Sep 17 2018 19:52:37 GMT+0800 (Hong Kong Standard Time) 
 